Warning: ignoring unsupported tag `ALLOW_UNICODE_NAMES    =' at line 79, file /home/travis/build/edwardpercy/ModelLoader/Doxyfile
Warning: ignoring unsupported tag `OUTPUT_TEXT_DIRECTION  =' at line 102, file /home/travis/build/edwardpercy/ModelLoader/Doxyfile
Warning: ignoring unsupported tag `OPTIMIZE_OUTPUT_SLICE  =' at line 296, file /home/travis/build/edwardpercy/ModelLoader/Doxyfile
Warning: ignoring unsupported tag `TOC_INCLUDE_HEADINGS   =' at line 335, file /home/travis/build/edwardpercy/ModelLoader/Doxyfile
Warning: ignoring unsupported tag `GROUP_NESTED_COMPOUNDS =' at line 392, file /home/travis/build/edwardpercy/ModelLoader/Doxyfile
Warning: ignoring unsupported tag `HIDE_COMPOUND_REFERENCE=' at line 563, file /home/travis/build/edwardpercy/ModelLoader/Doxyfile
Warning: ignoring unsupported tag `WARN_AS_ERROR          =' at line 788, file /home/travis/build/edwardpercy/ModelLoader/Doxyfile
Warning: Tag `CLANG_ASSISTED_PARSING' at line 1105 of file /home/travis/build/edwardpercy/ModelLoader/Doxyfile belongs to an option that was not enabled at compile time.
To avoid this warning please remove this line from your configuration file, upgrade it using "doxygen -u", or recompile doxygen with this feature enabled.
Warning: Tag `CLANG_OPTIONS' at line 1113 of file /home/travis/build/edwardpercy/ModelLoader/Doxyfile belongs to an option that was not enabled at compile time.
To avoid this warning please remove this line from your configuration file, upgrade it using "doxygen -u", or recompile doxygen with this feature enabled.
Warning: ignoring unsupported tag `CLANG_DATABASE_PATH    =' at line 1123, file /home/travis/build/edwardpercy/ModelLoader/Doxyfile
Warning: ignoring unsupported tag `HTML_DYNAMIC_MENUS     =' at line 1288, file /home/travis/build/edwardpercy/ModelLoader/Doxyfile
Warning: ignoring unsupported tag `LATEX_MAKEINDEX_CMD    =' at line 1752, file /home/travis/build/edwardpercy/ModelLoader/Doxyfile
Warning: ignoring unsupported tag `LATEX_EXTRA_STYLESHEET =' at line 1819, file /home/travis/build/edwardpercy/ModelLoader/Doxyfile
Warning: ignoring unsupported tag `LATEX_TIMESTAMP        =' at line 1886, file /home/travis/build/edwardpercy/ModelLoader/Doxyfile
Warning: ignoring unsupported tag `LATEX_EMOJI_DIRECTORY  =' at line 1894, file /home/travis/build/edwardpercy/ModelLoader/Doxyfile
Warning: ignoring unsupported tag `RTF_SOURCE_CODE        =' at line 1960, file /home/travis/build/edwardpercy/ModelLoader/Doxyfile
Warning: ignoring unsupported tag `MAN_SUBDIR             =' at line 1995, file /home/travis/build/edwardpercy/ModelLoader/Doxyfile
Warning: ignoring unsupported tag `XML_NS_MEMB_FILE_SCOPE =' at line 2038, file /home/travis/build/edwardpercy/ModelLoader/Doxyfile
Warning: ignoring unsupported tag `DOCBOOK_PROGRAMLISTING =' at line 2065, file /home/travis/build/edwardpercy/ModelLoader/Doxyfile
Warning: ignoring unsupported tag `PLANTUML_JAR_PATH      =' at line 2494, file /home/travis/build/edwardpercy/ModelLoader/Doxyfile
Warning: ignoring unsupported tag `PLANTUML_CFG_FILE      =' at line 2499, file /home/travis/build/edwardpercy/ModelLoader/Doxyfile
Warning: ignoring unsupported tag `PLANTUML_INCLUDE_PATH  =' at line 2504, file /home/travis/build/edwardpercy/ModelLoader/Doxyfile
Searching for include files...
Searching for example files...
Searching for images...
Searching for dot files...
Searching for msc files...
Searching for dia files...
Searching for files to exclude
Searching for files to process...
Searching for files in directory /home/travis/build/edwardpercy/ModelLoader
Searching for files in directory /home/travis/build/edwardpercy/ModelLoader/Automated_testing
Searching for files in directory /home/travis/build/edwardpercy/ModelLoader/code_docs
Searching for files in directory /home/travis/build/edwardpercy/ModelLoader/code_docs/ModelLoader
Searching for files in directory /home/travis/build/edwardpercy/ModelLoader/html
Searching for files in directory /home/travis/build/edwardpercy/ModelLoader/html/search
Searching for files in directory /home/travis/build/edwardpercy/ModelLoader/include
Searching for files in directory /home/travis/build/edwardpercy/ModelLoader/Resource
Searching for files in directory /home/travis/build/edwardpercy/ModelLoader/src
Searching for files in directory /home/travis/build/edwardpercy/ModelLoader/Static_Library
Searching for files in directory /home/travis/build/edwardpercy/ModelLoader/Test_Programs
Searching for files in directory /home/travis/build/edwardpercy/ModelLoader/Test_Programs/Combined Class Tests
Searching for files in directory /home/travis/build/edwardpercy/ModelLoader/Test_Programs/Combined Class Tests/CentreModel-VolumeCell_Test
Searching for files in directory /home/travis/build/edwardpercy/ModelLoader/Test_Programs/Combined Class Tests/CentreModel-VolumeCell_Test/include
Searching for files in directory /home/travis/build/edwardpercy/ModelLoader/Test_Programs/Combined Class Tests/CentreModel-VolumeCell_Test/src
Searching for files in directory /home/travis/build/edwardpercy/ModelLoader/Test_Programs/Combined Class Tests/LoadModel_Test
Searching for files in directory /home/travis/build/edwardpercy/ModelLoader/Test_Programs/Combined Class Tests/LoadModel_Test/include
Searching for files in directory /home/travis/build/edwardpercy/ModelLoader/Test_Programs/Combined Class Tests/LoadModel_Test/src
Searching for files in directory /home/travis/build/edwardpercy/ModelLoader/Test_Programs/Combined Class Tests/SaveModel_Test
Searching for files in directory /home/travis/build/edwardpercy/ModelLoader/Test_Programs/Combined Class Tests/SaveModel_Test/include
Searching for files in directory /home/travis/build/edwardpercy/ModelLoader/Test_Programs/Combined Class Tests/SaveModel_Test/src
Searching for files in directory /home/travis/build/edwardpercy/ModelLoader/Test_Programs/Individual Class Tests
Searching for files in directory /home/travis/build/edwardpercy/ModelLoader/Test_Programs/Individual Class Tests/Cell_Calculation_Test
Searching for files in directory /home/travis/build/edwardpercy/ModelLoader/Test_Programs/Individual Class Tests/Cell_Calculation_Test/Include
Searching for files in directory /home/travis/build/edwardpercy/ModelLoader/Test_Programs/Individual Class Tests/Cell_Calculation_Test/Src
Searching for files in directory /home/travis/build/edwardpercy/ModelLoader/Test_Programs/Individual Class Tests/Cell_Test
Searching for files in directory /home/travis/build/edwardpercy/ModelLoader/Test_Programs/Individual Class Tests/Cell_Test/Include
Searching for files in directory /home/travis/build/edwardpercy/ModelLoader/Test_Programs/Individual Class Tests/Cell_Test/Src
Searching for files in directory /home/travis/build/edwardpercy/ModelLoader/Test_Programs/Individual Class Tests/Material_Test
Searching for files in directory /home/travis/build/edwardpercy/ModelLoader/Test_Programs/Individual Class Tests/Material_Test/Inc
Searching for files in directory /home/travis/build/edwardpercy/ModelLoader/Test_Programs/Individual Class Tests/Material_Test/Src
Searching for files in directory /home/travis/build/edwardpercy/ModelLoader/Test_Programs/Individual Class Tests/Matrix_Test
Searching for files in directory /home/travis/build/edwardpercy/ModelLoader/Test_Programs/Individual Class Tests/Vector_Test
Searching for files in directory /home/travis/build/edwardpercy/ModelLoader/Test_Programs/Individual Class Tests/Vector_Test/Inc
Searching for files in directory /home/travis/build/edwardpercy/ModelLoader/Test_Programs/Individual Class Tests/Vector_Test/Src
Reading and parsing tag files
Parsing files
Preprocessing /home/travis/build/edwardpercy/ModelLoader/Automated_testing/model_test.cpp...
Parsing file /home/travis/build/edwardpercy/ModelLoader/Automated_testing/model_test.cpp...
Reading /home/travis/build/edwardpercy/ModelLoader/Automated_testing/README.md...
Preprocessing /home/travis/build/edwardpercy/ModelLoader/Automated_testing/test.cpp...
Parsing file /home/travis/build/edwardpercy/ModelLoader/Automated_testing/test.cpp...
Preprocessing /home/travis/build/edwardpercy/ModelLoader/include/cell.h...
Parsing file /home/travis/build/edwardpercy/ModelLoader/include/cell.h...
Preprocessing /home/travis/build/edwardpercy/ModelLoader/include/hexahedron.h...
Parsing file /home/travis/build/edwardpercy/ModelLoader/include/hexahedron.h...
Preprocessing /home/travis/build/edwardpercy/ModelLoader/include/main.h...
Parsing file /home/travis/build/edwardpercy/ModelLoader/include/main.h...
Preprocessing /home/travis/build/edwardpercy/ModelLoader/include/mainwindow.h...
Parsing file /home/travis/build/edwardpercy/ModelLoader/include/mainwindow.h...
Preprocessing /home/travis/build/edwardpercy/ModelLoader/include/material.h...
Parsing file /home/travis/build/edwardpercy/ModelLoader/include/material.h...
Preprocessing /home/travis/build/edwardpercy/ModelLoader/include/matrix.h...
Parsing file /home/travis/build/edwardpercy/ModelLoader/include/matrix.h...
Preprocessing /home/travis/build/edwardpercy/ModelLoader/include/model.h...
Parsing file /home/travis/build/edwardpercy/ModelLoader/include/model.h...
Preprocessing /home/travis/build/edwardpercy/ModelLoader/include/pyramid.h...
Parsing file /home/travis/build/edwardpercy/ModelLoader/include/pyramid.h...
Preprocessing /home/travis/build/edwardpercy/ModelLoader/include/tetrahedron.h...
Parsing file /home/travis/build/edwardpercy/ModelLoader/include/tetrahedron.h...
Preprocessing /home/travis/build/edwardpercy/ModelLoader/include/vector.h...
Parsing file /home/travis/build/edwardpercy/ModelLoader/include/vector.h...
Reading /home/travis/build/edwardpercy/ModelLoader/NEWS.md...
Reading /home/travis/build/edwardpercy/ModelLoader/README.md...
Preprocessing /home/travis/build/edwardpercy/ModelLoader/src/cell.cpp...
Parsing file /home/travis/build/edwardpercy/ModelLoader/src/cell.cpp...
Preprocessing /home/travis/build/edwardpercy/ModelLoader/src/hexahedron.cpp...
Parsing file /home/travis/build/edwardpercy/ModelLoader/src/hexahedron.cpp...
Preprocessing /home/travis/build/edwardpercy/ModelLoader/src/main.cpp...
Parsing file /home/travis/build/edwardpercy/ModelLoader/src/main.cpp...
Preprocessing /home/travis/build/edwardpercy/ModelLoader/src/mainwindow.cpp...
Parsing file /home/travis/build/edwardpercy/ModelLoader/src/mainwindow.cpp...
Preprocessing /home/travis/build/edwardpercy/ModelLoader/src/material.cpp...
Parsing file /home/travis/build/edwardpercy/ModelLoader/src/material.cpp...
Preprocessing /home/travis/build/edwardpercy/ModelLoader/src/matrix.cpp...
Parsing file /home/travis/build/edwardpercy/ModelLoader/src/matrix.cpp...
Preprocessing /home/travis/build/edwardpercy/ModelLoader/src/model.cpp...
Parsing file /home/travis/build/edwardpercy/ModelLoader/src/model.cpp...
Preprocessing /home/travis/build/edwardpercy/ModelLoader/src/pyramid.cpp...
Parsing file /home/travis/build/edwardpercy/ModelLoader/src/pyramid.cpp...
Preprocessing /home/travis/build/edwardpercy/ModelLoader/src/tetrahedron.cpp...
Parsing file /home/travis/build/edwardpercy/ModelLoader/src/tetrahedron.cpp...
Preprocessing /home/travis/build/edwardpercy/ModelLoader/src/vector.cpp...
Parsing file /home/travis/build/edwardpercy/ModelLoader/src/vector.cpp...
Reading /home/travis/build/edwardpercy/ModelLoader/TEAM.md...
Preprocessing /home/travis/build/edwardpercy/ModelLoader/Test_Programs/Combined Class Tests/CentreModel-VolumeCell_Test/include/Cell.h...
Parsing file /home/travis/build/edwardpercy/ModelLoader/Test_Programs/Combined Class Tests/CentreModel-VolumeCell_Test/include/Cell.h...
Preprocessing /home/travis/build/edwardpercy/ModelLoader/Test_Programs/Combined Class Tests/CentreModel-VolumeCell_Test/include/Hexahedron.h...
Parsing file /home/travis/build/edwardpercy/ModelLoader/Test_Programs/Combined Class Tests/CentreModel-VolumeCell_Test/include/Hexahedron.h...
Preprocessing /home/travis/build/edwardpercy/ModelLoader/Test_Programs/Combined Class Tests/CentreModel-VolumeCell_Test/include/Main.h...
Parsing file /home/travis/build/edwardpercy/ModelLoader/Test_Programs/Combined Class Tests/CentreModel-VolumeCell_Test/include/Main.h...
Preprocessing /home/travis/build/edwardpercy/ModelLoader/Test_Programs/Combined Class Tests/CentreModel-VolumeCell_Test/include/Material.h...
Parsing file /home/travis/build/edwardpercy/ModelLoader/Test_Programs/Combined Class Tests/CentreModel-VolumeCell_Test/include/Material.h...
Preprocessing /home/travis/build/edwardpercy/ModelLoader/Test_Programs/Combined Class Tests/CentreModel-VolumeCell_Test/include/Matrix.h...
Parsing file /home/travis/build/edwardpercy/ModelLoader/Test_Programs/Combined Class Tests/CentreModel-VolumeCell_Test/include/Matrix.h...
Preprocessing /home/travis/build/edwardpercy/ModelLoader/Test_Programs/Combined Class Tests/CentreModel-VolumeCell_Test/include/Model.h...
Parsing file /home/travis/build/edwardpercy/ModelLoader/Test_Programs/Combined Class Tests/CentreModel-VolumeCell_Test/include/Model.h...
Preprocessing /home/travis/build/edwardpercy/ModelLoader/Test_Programs/Combined Class Tests/CentreModel-VolumeCell_Test/include/Pyramid.h...
Parsing file /home/travis/build/edwardpercy/ModelLoader/Test_Programs/Combined Class Tests/CentreModel-VolumeCell_Test/include/Pyramid.h...
Preprocessing /home/travis/build/edwardpercy/ModelLoader/Test_Programs/Combined Class Tests/CentreModel-VolumeCell_Test/include/Tetrahedron.h...
Parsing file /home/travis/build/edwardpercy/ModelLoader/Test_Programs/Combined Class Tests/CentreModel-VolumeCell_Test/include/Tetrahedron.h...
Preprocessing /home/travis/build/edwardpercy/ModelLoader/Test_Programs/Combined Class Tests/CentreModel-VolumeCell_Test/include/Vector.h...
Parsing file /home/travis/build/edwardpercy/ModelLoader/Test_Programs/Combined Class Tests/CentreModel-VolumeCell_Test/include/Vector.h...
Reading /home/travis/build/edwardpercy/ModelLoader/Test_Programs/Combined Class Tests/CentreModel-VolumeCell_Test/README.md...
Preprocessing /home/travis/build/edwardpercy/ModelLoader/Test_Programs/Combined Class Tests/CentreModel-VolumeCell_Test/src/Cell.cpp...
Parsing file /home/travis/build/edwardpercy/ModelLoader/Test_Programs/Combined Class Tests/CentreModel-VolumeCell_Test/src/Cell.cpp...
Preprocessing /home/travis/build/edwardpercy/ModelLoader/Test_Programs/Combined Class Tests/CentreModel-VolumeCell_Test/src/Hexahedron.cpp...
Parsing file /home/travis/build/edwardpercy/ModelLoader/Test_Programs/Combined Class Tests/CentreModel-VolumeCell_Test/src/Hexahedron.cpp...
Preprocessing /home/travis/build/edwardpercy/ModelLoader/Test_Programs/Combined Class Tests/CentreModel-VolumeCell_Test/src/Main.cpp...
Parsing file /home/travis/build/edwardpercy/ModelLoader/Test_Programs/Combined Class Tests/CentreModel-VolumeCell_Test/src/Main.cpp...
Preprocessing /home/travis/build/edwardpercy/ModelLoader/Test_Programs/Combined Class Tests/CentreModel-VolumeCell_Test/src/Material.cpp...
Parsing file /home/travis/build/edwardpercy/ModelLoader/Test_Programs/Combined Class Tests/CentreModel-VolumeCell_Test/src/Material.cpp...
Preprocessing /home/travis/build/edwardpercy/ModelLoader/Test_Programs/Combined Class Tests/CentreModel-VolumeCell_Test/src/Matrix.cpp...
Parsing file /home/travis/build/edwardpercy/ModelLoader/Test_Programs/Combined Class Tests/CentreModel-VolumeCell_Test/src/Matrix.cpp...
Preprocessing /home/travis/build/edwardpercy/ModelLoader/Test_Programs/Combined Class Tests/CentreModel-VolumeCell_Test/src/Model.cpp...
Parsing file /home/travis/build/edwardpercy/ModelLoader/Test_Programs/Combined Class Tests/CentreModel-VolumeCell_Test/src/Model.cpp...
Preprocessing /home/travis/build/edwardpercy/ModelLoader/Test_Programs/Combined Class Tests/CentreModel-VolumeCell_Test/src/Pyramid.cpp...
Parsing file /home/travis/build/edwardpercy/ModelLoader/Test_Programs/Combined Class Tests/CentreModel-VolumeCell_Test/src/Pyramid.cpp...
Preprocessing /home/travis/build/edwardpercy/ModelLoader/Test_Programs/Combined Class Tests/CentreModel-VolumeCell_Test/src/Tetrahedron.cpp...
Parsing file /home/travis/build/edwardpercy/ModelLoader/Test_Programs/Combined Class Tests/CentreModel-VolumeCell_Test/src/Tetrahedron.cpp...
Preprocessing /home/travis/build/edwardpercy/ModelLoader/Test_Programs/Combined Class Tests/CentreModel-VolumeCell_Test/src/Vector.cpp...
Parsing file /home/travis/build/edwardpercy/ModelLoader/Test_Programs/Combined Class Tests/CentreModel-VolumeCell_Test/src/Vector.cpp...
Preprocessing /home/travis/build/edwardpercy/ModelLoader/Test_Programs/Combined Class Tests/LoadModel_Test/include/Cell.h...
Parsing file /home/travis/build/edwardpercy/ModelLoader/Test_Programs/Combined Class Tests/LoadModel_Test/include/Cell.h...
Preprocessing /home/travis/build/edwardpercy/ModelLoader/Test_Programs/Combined Class Tests/LoadModel_Test/include/Main.h...
Parsing file /home/travis/build/edwardpercy/ModelLoader/Test_Programs/Combined Class Tests/LoadModel_Test/include/Main.h...
Preprocessing /home/travis/build/edwardpercy/ModelLoader/Test_Programs/Combined Class Tests/LoadModel_Test/include/Material.h...
Parsing file /home/travis/build/edwardpercy/ModelLoader/Test_Programs/Combined Class Tests/LoadModel_Test/include/Material.h...
Preprocessing /home/travis/build/edwardpercy/ModelLoader/Test_Programs/Combined Class Tests/LoadModel_Test/include/Matrix.h...
Parsing file /home/travis/build/edwardpercy/ModelLoader/Test_Programs/Combined Class Tests/LoadModel_Test/include/Matrix.h...
Preprocessing /home/travis/build/edwardpercy/ModelLoader/Test_Programs/Combined Class Tests/LoadModel_Test/include/Model.h...
Parsing file /home/travis/build/edwardpercy/ModelLoader/Test_Programs/Combined Class Tests/LoadModel_Test/include/Model.h...
Preprocessing /home/travis/build/edwardpercy/ModelLoader/Test_Programs/Combined Class Tests/LoadModel_Test/include/Vector.h...
Parsing file /home/travis/build/edwardpercy/ModelLoader/Test_Programs/Combined Class Tests/LoadModel_Test/include/Vector.h...
Reading /home/travis/build/edwardpercy/ModelLoader/Test_Programs/Combined Class Tests/LoadModel_Test/README.md...
Preprocessing /home/travis/build/edwardpercy/ModelLoader/Test_Programs/Combined Class Tests/LoadModel_Test/src/Cell.cpp...
Parsing file /home/travis/build/edwardpercy/ModelLoader/Test_Programs/Combined Class Tests/LoadModel_Test/src/Cell.cpp...
Preprocessing /home/travis/build/edwardpercy/ModelLoader/Test_Programs/Combined Class Tests/LoadModel_Test/src/Main.cpp...
Parsing file /home/travis/build/edwardpercy/ModelLoader/Test_Programs/Combined Class Tests/LoadModel_Test/src/Main.cpp...
Preprocessing /home/travis/build/edwardpercy/ModelLoader/Test_Programs/Combined Class Tests/LoadModel_Test/src/Material.cpp...
Parsing file /home/travis/build/edwardpercy/ModelLoader/Test_Programs/Combined Class Tests/LoadModel_Test/src/Material.cpp...
Preprocessing /home/travis/build/edwardpercy/ModelLoader/Test_Programs/Combined Class Tests/LoadModel_Test/src/Matrix.cpp...
Parsing file /home/travis/build/edwardpercy/ModelLoader/Test_Programs/Combined Class Tests/LoadModel_Test/src/Matrix.cpp...
Preprocessing /home/travis/build/edwardpercy/ModelLoader/Test_Programs/Combined Class Tests/LoadModel_Test/src/Model.cpp...
Parsing file /home/travis/build/edwardpercy/ModelLoader/Test_Programs/Combined Class Tests/LoadModel_Test/src/Model.cpp...
Preprocessing /home/travis/build/edwardpercy/ModelLoader/Test_Programs/Combined Class Tests/LoadModel_Test/src/Vector.cpp...
Parsing file /home/travis/build/edwardpercy/ModelLoader/Test_Programs/Combined Class Tests/LoadModel_Test/src/Vector.cpp...
Preprocessing /home/travis/build/edwardpercy/ModelLoader/Test_Programs/Combined Class Tests/SaveModel_Test/include/Cell.h...
Parsing file /home/travis/build/edwardpercy/ModelLoader/Test_Programs/Combined Class Tests/SaveModel_Test/include/Cell.h...
Preprocessing /home/travis/build/edwardpercy/ModelLoader/Test_Programs/Combined Class Tests/SaveModel_Test/include/Hexahedron.h...
Parsing file /home/travis/build/edwardpercy/ModelLoader/Test_Programs/Combined Class Tests/SaveModel_Test/include/Hexahedron.h...
Preprocessing /home/travis/build/edwardpercy/ModelLoader/Test_Programs/Combined Class Tests/SaveModel_Test/include/Main.h...
Parsing file /home/travis/build/edwardpercy/ModelLoader/Test_Programs/Combined Class Tests/SaveModel_Test/include/Main.h...
Preprocessing /home/travis/build/edwardpercy/ModelLoader/Test_Programs/Combined Class Tests/SaveModel_Test/include/Material.h...
Parsing file /home/travis/build/edwardpercy/ModelLoader/Test_Programs/Combined Class Tests/SaveModel_Test/include/Material.h...
Preprocessing /home/travis/build/edwardpercy/ModelLoader/Test_Programs/Combined Class Tests/SaveModel_Test/include/Matrix.h...
Parsing file /home/travis/build/edwardpercy/ModelLoader/Test_Programs/Combined Class Tests/SaveModel_Test/include/Matrix.h...
Preprocessing /home/travis/build/edwardpercy/ModelLoader/Test_Programs/Combined Class Tests/SaveModel_Test/include/Model.h...
Parsing file /home/travis/build/edwardpercy/ModelLoader/Test_Programs/Combined Class Tests/SaveModel_Test/include/Model.h...
Preprocessing /home/travis/build/edwardpercy/ModelLoader/Test_Programs/Combined Class Tests/SaveModel_Test/include/Pyramid.h...
Parsing file /home/travis/build/edwardpercy/ModelLoader/Test_Programs/Combined Class Tests/SaveModel_Test/include/Pyramid.h...
Preprocessing /home/travis/build/edwardpercy/ModelLoader/Test_Programs/Combined Class Tests/SaveModel_Test/include/Tetrahedron.h...
Parsing file /home/travis/build/edwardpercy/ModelLoader/Test_Programs/Combined Class Tests/SaveModel_Test/include/Tetrahedron.h...
Preprocessing /home/travis/build/edwardpercy/ModelLoader/Test_Programs/Combined Class Tests/SaveModel_Test/include/Vector.h...
Parsing file /home/travis/build/edwardpercy/ModelLoader/Test_Programs/Combined Class Tests/SaveModel_Test/include/Vector.h...
Reading /home/travis/build/edwardpercy/ModelLoader/Test_Programs/Combined Class Tests/SaveModel_Test/README.md...
Preprocessing /home/travis/build/edwardpercy/ModelLoader/Test_Programs/Combined Class Tests/SaveModel_Test/src/Cell.cpp...
Parsing file /home/travis/build/edwardpercy/ModelLoader/Test_Programs/Combined Class Tests/SaveModel_Test/src/Cell.cpp...
Preprocessing /home/travis/build/edwardpercy/ModelLoader/Test_Programs/Combined Class Tests/SaveModel_Test/src/Hexahedron.cpp...
Parsing file /home/travis/build/edwardpercy/ModelLoader/Test_Programs/Combined Class Tests/SaveModel_Test/src/Hexahedron.cpp...
Preprocessing /home/travis/build/edwardpercy/ModelLoader/Test_Programs/Combined Class Tests/SaveModel_Test/src/Main.cpp...
Parsing file /home/travis/build/edwardpercy/ModelLoader/Test_Programs/Combined Class Tests/SaveModel_Test/src/Main.cpp...
Preprocessing /home/travis/build/edwardpercy/ModelLoader/Test_Programs/Combined Class Tests/SaveModel_Test/src/Material.cpp...
Parsing file /home/travis/build/edwardpercy/ModelLoader/Test_Programs/Combined Class Tests/SaveModel_Test/src/Material.cpp...
Preprocessing /home/travis/build/edwardpercy/ModelLoader/Test_Programs/Combined Class Tests/SaveModel_Test/src/Matrix.cpp...
Parsing file /home/travis/build/edwardpercy/ModelLoader/Test_Programs/Combined Class Tests/SaveModel_Test/src/Matrix.cpp...
Preprocessing /home/travis/build/edwardpercy/ModelLoader/Test_Programs/Combined Class Tests/SaveModel_Test/src/Model.cpp...
Parsing file /home/travis/build/edwardpercy/ModelLoader/Test_Programs/Combined Class Tests/SaveModel_Test/src/Model.cpp...
Preprocessing /home/travis/build/edwardpercy/ModelLoader/Test_Programs/Combined Class Tests/SaveModel_Test/src/Pyramid.cpp...
Parsing file /home/travis/build/edwardpercy/ModelLoader/Test_Programs/Combined Class Tests/SaveModel_Test/src/Pyramid.cpp...
Preprocessing /home/travis/build/edwardpercy/ModelLoader/Test_Programs/Combined Class Tests/SaveModel_Test/src/Tetrahedron.cpp...
Parsing file /home/travis/build/edwardpercy/ModelLoader/Test_Programs/Combined Class Tests/SaveModel_Test/src/Tetrahedron.cpp...
Preprocessing /home/travis/build/edwardpercy/ModelLoader/Test_Programs/Combined Class Tests/SaveModel_Test/src/Vector.cpp...
Parsing file /home/travis/build/edwardpercy/ModelLoader/Test_Programs/Combined Class Tests/SaveModel_Test/src/Vector.cpp...
Preprocessing /home/travis/build/edwardpercy/ModelLoader/Test_Programs/Individual Class Tests/Cell_Calculation_Test/Include/Cell.h...
Parsing file /home/travis/build/edwardpercy/ModelLoader/Test_Programs/Individual Class Tests/Cell_Calculation_Test/Include/Cell.h...
Preprocessing /home/travis/build/edwardpercy/ModelLoader/Test_Programs/Individual Class Tests/Cell_Calculation_Test/Include/Hexahedron.h...
Parsing file /home/travis/build/edwardpercy/ModelLoader/Test_Programs/Individual Class Tests/Cell_Calculation_Test/Include/Hexahedron.h...
Preprocessing /home/travis/build/edwardpercy/ModelLoader/Test_Programs/Individual Class Tests/Cell_Calculation_Test/Include/Pyramid.h...
Parsing file /home/travis/build/edwardpercy/ModelLoader/Test_Programs/Individual Class Tests/Cell_Calculation_Test/Include/Pyramid.h...
Preprocessing /home/travis/build/edwardpercy/ModelLoader/Test_Programs/Individual Class Tests/Cell_Calculation_Test/Include/Tetrahedron.h...
Parsing file /home/travis/build/edwardpercy/ModelLoader/Test_Programs/Individual Class Tests/Cell_Calculation_Test/Include/Tetrahedron.h...
Preprocessing /home/travis/build/edwardpercy/ModelLoader/Test_Programs/Individual Class Tests/Cell_Calculation_Test/Include/Vector.h...
Parsing file /home/travis/build/edwardpercy/ModelLoader/Test_Programs/Individual Class Tests/Cell_Calculation_Test/Include/Vector.h...
Reading /home/travis/build/edwardpercy/ModelLoader/Test_Programs/Individual Class Tests/Cell_Calculation_Test/README.md...
Preprocessing /home/travis/build/edwardpercy/ModelLoader/Test_Programs/Individual Class Tests/Cell_Calculation_Test/Src/Cell.cpp...
Parsing file /home/travis/build/edwardpercy/ModelLoader/Test_Programs/Individual Class Tests/Cell_Calculation_Test/Src/Cell.cpp...
Preprocessing /home/travis/build/edwardpercy/ModelLoader/Test_Programs/Individual Class Tests/Cell_Calculation_Test/Src/celltest+.cpp...
Parsing file /home/travis/build/edwardpercy/ModelLoader/Test_Programs/Individual Class Tests/Cell_Calculation_Test/Src/celltest+.cpp...
Preprocessing /home/travis/build/edwardpercy/ModelLoader/Test_Programs/Individual Class Tests/Cell_Calculation_Test/Src/Hexahedron.cpp...
Parsing file /home/travis/build/edwardpercy/ModelLoader/Test_Programs/Individual Class Tests/Cell_Calculation_Test/Src/Hexahedron.cpp...
Preprocessing /home/travis/build/edwardpercy/ModelLoader/Test_Programs/Individual Class Tests/Cell_Calculation_Test/Src/Pyramid.cpp...
Parsing file /home/travis/build/edwardpercy/ModelLoader/Test_Programs/Individual Class Tests/Cell_Calculation_Test/Src/Pyramid.cpp...
Preprocessing /home/travis/build/edwardpercy/ModelLoader/Test_Programs/Individual Class Tests/Cell_Calculation_Test/Src/Tetrahedron.cpp...
Parsing file /home/travis/build/edwardpercy/ModelLoader/Test_Programs/Individual Class Tests/Cell_Calculation_Test/Src/Tetrahedron.cpp...
Preprocessing /home/travis/build/edwardpercy/ModelLoader/Test_Programs/Individual Class Tests/Cell_Calculation_Test/Src/Vector.cpp...
Parsing file /home/travis/build/edwardpercy/ModelLoader/Test_Programs/Individual Class Tests/Cell_Calculation_Test/Src/Vector.cpp...
Preprocessing /home/travis/build/edwardpercy/ModelLoader/Test_Programs/Individual Class Tests/Cell_Test/Include/Cell.h...
Parsing file /home/travis/build/edwardpercy/ModelLoader/Test_Programs/Individual Class Tests/Cell_Test/Include/Cell.h...
Reading /home/travis/build/edwardpercy/ModelLoader/Test_Programs/Individual Class Tests/Cell_Test/README.md...
Preprocessing /home/travis/build/edwardpercy/ModelLoader/Test_Programs/Individual Class Tests/Cell_Test/Src/Cell.cpp...
Parsing file /home/travis/build/edwardpercy/ModelLoader/Test_Programs/Individual Class Tests/Cell_Test/Src/Cell.cpp...
Preprocessing /home/travis/build/edwardpercy/ModelLoader/Test_Programs/Individual Class Tests/Cell_Test/Src/celltest.cpp...
Parsing file /home/travis/build/edwardpercy/ModelLoader/Test_Programs/Individual Class Tests/Cell_Test/Src/celltest.cpp...
Preprocessing /home/travis/build/edwardpercy/ModelLoader/Test_Programs/Individual Class Tests/Material_Test/Inc/Material.h...
Parsing file /home/travis/build/edwardpercy/ModelLoader/Test_Programs/Individual Class Tests/Material_Test/Inc/Material.h...
Preprocessing /home/travis/build/edwardpercy/ModelLoader/Test_Programs/Individual Class Tests/Material_Test/Material_Test.cpp...
Parsing file /home/travis/build/edwardpercy/ModelLoader/Test_Programs/Individual Class Tests/Material_Test/Material_Test.cpp...
Reading /home/travis/build/edwardpercy/ModelLoader/Test_Programs/Individual Class Tests/Material_Test/README.md...
Preprocessing /home/travis/build/edwardpercy/ModelLoader/Test_Programs/Individual Class Tests/Material_Test/Src/Material.cpp...
Parsing file /home/travis/build/edwardpercy/ModelLoader/Test_Programs/Individual Class Tests/Material_Test/Src/Material.cpp...
Preprocessing /home/travis/build/edwardpercy/ModelLoader/Test_Programs/Individual Class Tests/Matrix_Test/matrixtest.cpp...
Parsing file /home/travis/build/edwardpercy/ModelLoader/Test_Programs/Individual Class Tests/Matrix_Test/matrixtest.cpp...
Preprocessing /home/travis/build/edwardpercy/ModelLoader/Test_Programs/Individual Class Tests/Vector_Test/Inc/Vector.h...
Parsing file /home/travis/build/edwardpercy/ModelLoader/Test_Programs/Individual Class Tests/Vector_Test/Inc/Vector.h...
Reading /home/travis/build/edwardpercy/ModelLoader/Test_Programs/Individual Class Tests/Vector_Test/README.md...
Preprocessing /home/travis/build/edwardpercy/ModelLoader/Test_Programs/Individual Class Tests/Vector_Test/Src/Vector.cpp...
Parsing file /home/travis/build/edwardpercy/ModelLoader/Test_Programs/Individual Class Tests/Vector_Test/Src/Vector.cpp...
Preprocessing /home/travis/build/edwardpercy/ModelLoader/Test_Programs/Individual Class Tests/Vector_Test/vectortest.cpp...
Parsing file /home/travis/build/edwardpercy/ModelLoader/Test_Programs/Individual Class Tests/Vector_Test/vectortest.cpp...
Building group list...
Building directory list...
Building namespace list...
Building file list...
Building class list...
Associating documentation with classes...
Computing nesting relations for classes...
Building example list...
Searching for enumerations...
Searching for documented typedefs...
Searching for members imported via using declarations...
Searching for included using directives...
Searching for documented variables...
Building interface member list...
Building member list...
Searching for friends...
Searching for documented defines...
Computing class inheritance relations...
Computing class usage relations...
Flushing cached template relations that have become invalid...
Creating members for template instances...
Computing class relations...
Add enum values to enums...
Searching for member function documentation...
Building page list...
Search for main page...
Computing page relations...
Determining the scope of groups...
Sorting lists...
Freeing entry tree
Determining which enums are documented
Computing member relations...
Building full member lists recursively...
Adding members to member groups.
Computing member references...
Inheriting documentation...
Generating disk names...
Adding source references...
Adding xrefitems...
Sorting member lists...
Computing dependencies between directories...
Generating citations page...
Counting data structures...
Resolving user defined references...
Finding anchors and sections in the documentation...
Transferring function references...
Combining using relations...
Adding members to index pages...
Generating style sheet...
Generating search indices...
Generating example documentation...
Generating file sources...
Generating code for file /home/travis/build/edwardpercy/ModelLoader/include/cell.h...
Generating code for file /home/travis/build/edwardpercy/ModelLoader/include/hexahedron.h...
Generating code for file /home/travis/build/edwardpercy/ModelLoader/include/main.h...
Generating code for file /home/travis/build/edwardpercy/ModelLoader/include/mainwindow.h...
Generating code for file /home/travis/build/edwardpercy/ModelLoader/include/material.h...
Generating code for file /home/travis/build/edwardpercy/ModelLoader/include/matrix.h...
Generating code for file /home/travis/build/edwardpercy/ModelLoader/include/model.h...
Generating code for file /home/travis/build/edwardpercy/ModelLoader/include/pyramid.h...
Generating code for file /home/travis/build/edwardpercy/ModelLoader/include/tetrahedron.h...
Generating code for file /home/travis/build/edwardpercy/ModelLoader/include/vector.h...
Generating code for file /home/travis/build/edwardpercy/ModelLoader/Test_Programs/Combined Class Tests/CentreModel-VolumeCell_Test/include/Cell.h...
Generating code for file /home/travis/build/edwardpercy/ModelLoader/Test_Programs/Combined Class Tests/LoadModel_Test/include/Cell.h...
Generating code for file /home/travis/build/edwardpercy/ModelLoader/Test_Programs/Combined Class Tests/SaveModel_Test/include/Cell.h...
Generating code for file /home/travis/build/edwardpercy/ModelLoader/Test_Programs/Individual Class Tests/Cell_Calculation_Test/Include/Cell.h...
Generating code for file /home/travis/build/edwardpercy/ModelLoader/Test_Programs/Individual Class Tests/Cell_Test/Include/Cell.h...
Generating code for file /home/travis/build/edwardpercy/ModelLoader/Test_Programs/Combined Class Tests/CentreModel-VolumeCell_Test/include/Hexahedron.h...
Generating code for file /home/travis/build/edwardpercy/ModelLoader/Test_Programs/Combined Class Tests/SaveModel_Test/include/Hexahedron.h...
Generating code for file /home/travis/build/edwardpercy/ModelLoader/Test_Programs/Individual Class Tests/Cell_Calculation_Test/Include/Hexahedron.h...
Generating code for file /home/travis/build/edwardpercy/ModelLoader/Test_Programs/Combined Class Tests/CentreModel-VolumeCell_Test/include/Main.h...
Generating code for file /home/travis/build/edwardpercy/ModelLoader/Test_Programs/Combined Class Tests/LoadModel_Test/include/Main.h...
Generating code for file /home/travis/build/edwardpercy/ModelLoader/Test_Programs/Combined Class Tests/SaveModel_Test/include/Main.h...
Generating code for file /home/travis/build/edwardpercy/ModelLoader/Test_Programs/Combined Class Tests/CentreModel-VolumeCell_Test/include/Material.h...
Generating code for file /home/travis/build/edwardpercy/ModelLoader/Test_Programs/Combined Class Tests/LoadModel_Test/include/Material.h...
Generating code for file /home/travis/build/edwardpercy/ModelLoader/Test_Programs/Combined Class Tests/SaveModel_Test/include/Material.h...
Generating code for file /home/travis/build/edwardpercy/ModelLoader/Test_Programs/Individual Class Tests/Material_Test/Inc/Material.h...
Generating code for file /home/travis/build/edwardpercy/ModelLoader/Test_Programs/Combined Class Tests/CentreModel-VolumeCell_Test/include/Matrix.h...
Generating code for file /home/travis/build/edwardpercy/ModelLoader/Test_Programs/Combined Class Tests/LoadModel_Test/include/Matrix.h...
Generating code for file /home/travis/build/edwardpercy/ModelLoader/Test_Programs/Combined Class Tests/SaveModel_Test/include/Matrix.h...
Generating code for file /home/travis/build/edwardpercy/ModelLoader/Test_Programs/Combined Class Tests/CentreModel-VolumeCell_Test/include/Model.h...
Generating code for file /home/travis/build/edwardpercy/ModelLoader/Test_Programs/Combined Class Tests/LoadModel_Test/include/Model.h...
Generating code for file /home/travis/build/edwardpercy/ModelLoader/Test_Programs/Combined Class Tests/SaveModel_Test/include/Model.h...
Generating code for file /home/travis/build/edwardpercy/ModelLoader/Test_Programs/Combined Class Tests/CentreModel-VolumeCell_Test/include/Pyramid.h...
Generating code for file /home/travis/build/edwardpercy/ModelLoader/Test_Programs/Combined Class Tests/SaveModel_Test/include/Pyramid.h...
Generating code for file /home/travis/build/edwardpercy/ModelLoader/Test_Programs/Individual Class Tests/Cell_Calculation_Test/Include/Pyramid.h...
Generating code for file /home/travis/build/edwardpercy/ModelLoader/Test_Programs/Combined Class Tests/CentreModel-VolumeCell_Test/include/Tetrahedron.h...
Generating code for file /home/travis/build/edwardpercy/ModelLoader/Test_Programs/Combined Class Tests/SaveModel_Test/include/Tetrahedron.h...
Generating code for file /home/travis/build/edwardpercy/ModelLoader/Test_Programs/Individual Class Tests/Cell_Calculation_Test/Include/Tetrahedron.h...
Generating code for file /home/travis/build/edwardpercy/ModelLoader/Test_Programs/Combined Class Tests/CentreModel-VolumeCell_Test/include/Vector.h...
Generating code for file /home/travis/build/edwardpercy/ModelLoader/Test_Programs/Combined Class Tests/LoadModel_Test/include/Vector.h...
Generating code for file /home/travis/build/edwardpercy/ModelLoader/Test_Programs/Combined Class Tests/SaveModel_Test/include/Vector.h...
Generating code for file /home/travis/build/edwardpercy/ModelLoader/Test_Programs/Individual Class Tests/Cell_Calculation_Test/Include/Vector.h...
Generating code for file /home/travis/build/edwardpercy/ModelLoader/Test_Programs/Individual Class Tests/Vector_Test/Inc/Vector.h...
Generating file documentation...
Generating docs for file /home/travis/build/edwardpercy/ModelLoader/Automated_testing/model_test.cpp...
Generating docs for file /home/travis/build/edwardpercy/ModelLoader/Automated_testing/README.md...
Generating docs for file /home/travis/build/edwardpercy/ModelLoader/README.md...
Generating docs for file /home/travis/build/edwardpercy/ModelLoader/Test_Programs/Combined Class Tests/CentreModel-VolumeCell_Test/README.md...
Generating docs for file /home/travis/build/edwardpercy/ModelLoader/Test_Programs/Combined Class Tests/LoadModel_Test/README.md...
Generating docs for file /home/travis/build/edwardpercy/ModelLoader/Test_Programs/Combined Class Tests/SaveModel_Test/README.md...
Generating docs for file /home/travis/build/edwardpercy/ModelLoader/Test_Programs/Individual Class Tests/Cell_Calculation_Test/README.md...
Generating docs for file /home/travis/build/edwardpercy/ModelLoader/Test_Programs/Individual Class Tests/Cell_Test/README.md...
Generating docs for file /home/travis/build/edwardpercy/ModelLoader/Test_Programs/Individual Class Tests/Material_Test/README.md...
Generating docs for file /home/travis/build/edwardpercy/ModelLoader/Test_Programs/Individual Class Tests/Vector_Test/README.md...
Generating docs for file /home/travis/build/edwardpercy/ModelLoader/Automated_testing/test.cpp...
Generating docs for file /home/travis/build/edwardpercy/ModelLoader/include/cell.h...
Generating docs for file /home/travis/build/edwardpercy/ModelLoader/include/hexahedron.h...
Generating docs for file /home/travis/build/edwardpercy/ModelLoader/include/main.h...
Generating docs for file /home/travis/build/edwardpercy/ModelLoader/include/mainwindow.h...
Generating docs for file /home/travis/build/edwardpercy/ModelLoader/include/material.h...
Generating docs for file /home/travis/build/edwardpercy/ModelLoader/include/matrix.h...
Generating docs for file /home/travis/build/edwardpercy/ModelLoader/include/model.h...
Generating docs for file /home/travis/build/edwardpercy/ModelLoader/include/pyramid.h...
Generating docs for file /home/travis/build/edwardpercy/ModelLoader/include/tetrahedron.h...
Generating docs for file /home/travis/build/edwardpercy/ModelLoader/include/vector.h...
Generating docs for file /home/travis/build/edwardpercy/ModelLoader/NEWS.md...
Generating docs for file /home/travis/build/edwardpercy/ModelLoader/src/cell.cpp...
Generating docs for file /home/travis/build/edwardpercy/ModelLoader/src/hexahedron.cpp...
Generating docs for file /home/travis/build/edwardpercy/ModelLoader/src/main.cpp...
Generating docs for file /home/travis/build/edwardpercy/ModelLoader/src/mainwindow.cpp...
Generating docs for file /home/travis/build/edwardpercy/ModelLoader/src/material.cpp...
Generating docs for file /home/travis/build/edwardpercy/ModelLoader/src/matrix.cpp...
Generating docs for file /home/travis/build/edwardpercy/ModelLoader/src/model.cpp...
Generating docs for file /home/travis/build/edwardpercy/ModelLoader/src/pyramid.cpp...
Generating docs for file /home/travis/build/edwardpercy/ModelLoader/src/tetrahedron.cpp...
Generating docs for file /home/travis/build/edwardpercy/ModelLoader/src/vector.cpp...
Generating docs for file /home/travis/build/edwardpercy/ModelLoader/TEAM.md...
Generating docs for file /home/travis/build/edwardpercy/ModelLoader/Test_Programs/Combined Class Tests/CentreModel-VolumeCell_Test/include/Cell.h...
Generating docs for file /home/travis/build/edwardpercy/ModelLoader/Test_Programs/Combined Class Tests/LoadModel_Test/include/Cell.h...
Generating docs for file /home/travis/build/edwardpercy/ModelLoader/Test_Programs/Combined Class Tests/SaveModel_Test/include/Cell.h...
Generating docs for file /home/travis/build/edwardpercy/ModelLoader/Test_Programs/Individual Class Tests/Cell_Calculation_Test/Include/Cell.h...
Generating docs for file /home/travis/build/edwardpercy/ModelLoader/Test_Programs/Individual Class Tests/Cell_Test/Include/Cell.h...
Generating docs for file /home/travis/build/edwardpercy/ModelLoader/Test_Programs/Combined Class Tests/CentreModel-VolumeCell_Test/include/Hexahedron.h...
Generating docs for file /home/travis/build/edwardpercy/ModelLoader/Test_Programs/Combined Class Tests/SaveModel_Test/include/Hexahedron.h...
Generating docs for file /home/travis/build/edwardpercy/ModelLoader/Test_Programs/Individual Class Tests/Cell_Calculation_Test/Include/Hexahedron.h...
Generating docs for file /home/travis/build/edwardpercy/ModelLoader/Test_Programs/Combined Class Tests/CentreModel-VolumeCell_Test/include/Main.h...
Generating docs for file /home/travis/build/edwardpercy/ModelLoader/Test_Programs/Combined Class Tests/LoadModel_Test/include/Main.h...
Generating docs for file /home/travis/build/edwardpercy/ModelLoader/Test_Programs/Combined Class Tests/SaveModel_Test/include/Main.h...
Generating docs for file /home/travis/build/edwardpercy/ModelLoader/Test_Programs/Combined Class Tests/CentreModel-VolumeCell_Test/include/Material.h...
Generating docs for file /home/travis/build/edwardpercy/ModelLoader/Test_Programs/Combined Class Tests/LoadModel_Test/include/Material.h...
Generating docs for file /home/travis/build/edwardpercy/ModelLoader/Test_Programs/Combined Class Tests/SaveModel_Test/include/Material.h...
Generating docs for file /home/travis/build/edwardpercy/ModelLoader/Test_Programs/Individual Class Tests/Material_Test/Inc/Material.h...
Generating docs for file /home/travis/build/edwardpercy/ModelLoader/Test_Programs/Combined Class Tests/CentreModel-VolumeCell_Test/include/Matrix.h...
Generating docs for file /home/travis/build/edwardpercy/ModelLoader/Test_Programs/Combined Class Tests/LoadModel_Test/include/Matrix.h...
Generating docs for file /home/travis/build/edwardpercy/ModelLoader/Test_Programs/Combined Class Tests/SaveModel_Test/include/Matrix.h...
Generating docs for file /home/travis/build/edwardpercy/ModelLoader/Test_Programs/Combined Class Tests/CentreModel-VolumeCell_Test/include/Model.h...
Generating docs for file /home/travis/build/edwardpercy/ModelLoader/Test_Programs/Combined Class Tests/LoadModel_Test/include/Model.h...
Generating docs for file /home/travis/build/edwardpercy/ModelLoader/Test_Programs/Combined Class Tests/SaveModel_Test/include/Model.h...
Generating docs for file /home/travis/build/edwardpercy/ModelLoader/Test_Programs/Combined Class Tests/CentreModel-VolumeCell_Test/include/Pyramid.h...
Generating docs for file /home/travis/build/edwardpercy/ModelLoader/Test_Programs/Combined Class Tests/SaveModel_Test/include/Pyramid.h...
Generating docs for file /home/travis/build/edwardpercy/ModelLoader/Test_Programs/Individual Class Tests/Cell_Calculation_Test/Include/Pyramid.h...
Generating docs for file /home/travis/build/edwardpercy/ModelLoader/Test_Programs/Combined Class Tests/CentreModel-VolumeCell_Test/include/Tetrahedron.h...
Generating docs for file /home/travis/build/edwardpercy/ModelLoader/Test_Programs/Combined Class Tests/SaveModel_Test/include/Tetrahedron.h...
Generating docs for file /home/travis/build/edwardpercy/ModelLoader/Test_Programs/Individual Class Tests/Cell_Calculation_Test/Include/Tetrahedron.h...
Generating docs for file /home/travis/build/edwardpercy/ModelLoader/Test_Programs/Combined Class Tests/CentreModel-VolumeCell_Test/include/Vector.h...
Generating docs for file /home/travis/build/edwardpercy/ModelLoader/Test_Programs/Combined Class Tests/LoadModel_Test/include/Vector.h...
Generating docs for file /home/travis/build/edwardpercy/ModelLoader/Test_Programs/Combined Class Tests/SaveModel_Test/include/Vector.h...
Generating docs for file /home/travis/build/edwardpercy/ModelLoader/Test_Programs/Individual Class Tests/Cell_Calculation_Test/Include/Vector.h...
Generating docs for file /home/travis/build/edwardpercy/ModelLoader/Test_Programs/Individual Class Tests/Vector_Test/Inc/Vector.h...
Generating docs for file /home/travis/build/edwardpercy/ModelLoader/Test_Programs/Combined Class Tests/CentreModel-VolumeCell_Test/src/Cell.cpp...
Generating docs for file /home/travis/build/edwardpercy/ModelLoader/Test_Programs/Combined Class Tests/LoadModel_Test/src/Cell.cpp...
Generating docs for file /home/travis/build/edwardpercy/ModelLoader/Test_Programs/Combined Class Tests/SaveModel_Test/src/Cell.cpp...
Generating docs for file /home/travis/build/edwardpercy/ModelLoader/Test_Programs/Individual Class Tests/Cell_Calculation_Test/Src/Cell.cpp...
Generating docs for file /home/travis/build/edwardpercy/ModelLoader/Test_Programs/Individual Class Tests/Cell_Test/Src/Cell.cpp...
Generating docs for file /home/travis/build/edwardpercy/ModelLoader/Test_Programs/Combined Class Tests/CentreModel-VolumeCell_Test/src/Hexahedron.cpp...
Generating docs for file /home/travis/build/edwardpercy/ModelLoader/Test_Programs/Combined Class Tests/SaveModel_Test/src/Hexahedron.cpp...
Generating docs for file /home/travis/build/edwardpercy/ModelLoader/Test_Programs/Individual Class Tests/Cell_Calculation_Test/Src/Hexahedron.cpp...
Generating docs for file /home/travis/build/edwardpercy/ModelLoader/Test_Programs/Combined Class Tests/CentreModel-VolumeCell_Test/src/Main.cpp...
Generating docs for file /home/travis/build/edwardpercy/ModelLoader/Test_Programs/Combined Class Tests/LoadModel_Test/src/Main.cpp...
Generating docs for file /home/travis/build/edwardpercy/ModelLoader/Test_Programs/Combined Class Tests/SaveModel_Test/src/Main.cpp...
Generating docs for file /home/travis/build/edwardpercy/ModelLoader/Test_Programs/Combined Class Tests/CentreModel-VolumeCell_Test/src/Material.cpp...
Generating docs for file /home/travis/build/edwardpercy/ModelLoader/Test_Programs/Combined Class Tests/LoadModel_Test/src/Material.cpp...
Generating docs for file /home/travis/build/edwardpercy/ModelLoader/Test_Programs/Combined Class Tests/SaveModel_Test/src/Material.cpp...
Generating docs for file /home/travis/build/edwardpercy/ModelLoader/Test_Programs/Individual Class Tests/Material_Test/Src/Material.cpp...
Generating docs for file /home/travis/build/edwardpercy/ModelLoader/Test_Programs/Combined Class Tests/CentreModel-VolumeCell_Test/src/Matrix.cpp...
Generating docs for file /home/travis/build/edwardpercy/ModelLoader/Test_Programs/Combined Class Tests/LoadModel_Test/src/Matrix.cpp...
Generating docs for file /home/travis/build/edwardpercy/ModelLoader/Test_Programs/Combined Class Tests/SaveModel_Test/src/Matrix.cpp...
Generating docs for file /home/travis/build/edwardpercy/ModelLoader/Test_Programs/Combined Class Tests/CentreModel-VolumeCell_Test/src/Model.cpp...
Generating docs for file /home/travis/build/edwardpercy/ModelLoader/Test_Programs/Combined Class Tests/LoadModel_Test/src/Model.cpp...
Generating docs for file /home/travis/build/edwardpercy/ModelLoader/Test_Programs/Combined Class Tests/SaveModel_Test/src/Model.cpp...
Generating docs for file /home/travis/build/edwardpercy/ModelLoader/Test_Programs/Combined Class Tests/CentreModel-VolumeCell_Test/src/Pyramid.cpp...
Generating docs for file /home/travis/build/edwardpercy/ModelLoader/Test_Programs/Combined Class Tests/SaveModel_Test/src/Pyramid.cpp...
Generating docs for file /home/travis/build/edwardpercy/ModelLoader/Test_Programs/Individual Class Tests/Cell_Calculation_Test/Src/Pyramid.cpp...
Generating docs for file /home/travis/build/edwardpercy/ModelLoader/Test_Programs/Combined Class Tests/CentreModel-VolumeCell_Test/src/Tetrahedron.cpp...
Generating docs for file /home/travis/build/edwardpercy/ModelLoader/Test_Programs/Combined Class Tests/SaveModel_Test/src/Tetrahedron.cpp...
Generating docs for file /home/travis/build/edwardpercy/ModelLoader/Test_Programs/Individual Class Tests/Cell_Calculation_Test/Src/Tetrahedron.cpp...
Generating docs for file /home/travis/build/edwardpercy/ModelLoader/Test_Programs/Combined Class Tests/CentreModel-VolumeCell_Test/src/Vector.cpp...
Generating docs for file /home/travis/build/edwardpercy/ModelLoader/Test_Programs/Combined Class Tests/LoadModel_Test/src/Vector.cpp...
Generating docs for file /home/travis/build/edwardpercy/ModelLoader/Test_Programs/Combined Class Tests/SaveModel_Test/src/Vector.cpp...
Generating docs for file /home/travis/build/edwardpercy/ModelLoader/Test_Programs/Individual Class Tests/Cell_Calculation_Test/Src/Vector.cpp...
Generating docs for file /home/travis/build/edwardpercy/ModelLoader/Test_Programs/Individual Class Tests/Vector_Test/Src/Vector.cpp...
Generating docs for file /home/travis/build/edwardpercy/ModelLoader/Test_Programs/Individual Class Tests/Cell_Calculation_Test/Src/celltest+.cpp...
Generating docs for file /home/travis/build/edwardpercy/ModelLoader/Test_Programs/Individual Class Tests/Cell_Test/Src/celltest.cpp...
Generating docs for file /home/travis/build/edwardpercy/ModelLoader/Test_Programs/Individual Class Tests/Material_Test/Material_Test.cpp...
Generating docs for file /home/travis/build/edwardpercy/ModelLoader/Test_Programs/Individual Class Tests/Matrix_Test/matrixtest.cpp...
Generating docs for file /home/travis/build/edwardpercy/ModelLoader/Test_Programs/Individual Class Tests/Vector_Test/vectortest.cpp...
Generating page documentation...
Generating docs for page md__home_travis_build_edwardpercy_ModelLoader_Automated_testing_README...
Generating docs for page md__home_travis_build_edwardpercy_ModelLoader_NEWS...
Generating docs for page md__home_travis_build_edwardpercy_ModelLoader_README...
Generating docs for page md__home_travis_build_edwardpercy_ModelLoader_TEAM...
Generating docs for page md__home_travis_build_edwardpercy_ModelLoader_Test_Programs_Combined_Class_Tests_CentreModel-VolumeCell_Test_README...
Generating docs for page md__home_travis_build_edwardpercy_ModelLoader_Test_Programs_Combined_Class_Tests_LoadModel_Test_README...
Generating docs for page md__home_travis_build_edwardpercy_ModelLoader_Test_Programs_Combined_Class_Tests_SaveModel_Test_README...
Generating docs for page md__home_travis_build_edwardpercy_ModelLoader_Test_Programs_Individual_Class_Tests_Cell_Calculation_Test_README...
Generating docs for page md__home_travis_build_edwardpercy_ModelLoader_Test_Programs_Individual_Class_Tests_Cell_Test_README...
Generating docs for page md__home_travis_build_edwardpercy_ModelLoader_Test_Programs_Individual_Class_Tests_Material_Test_README...
Generating docs for page md__home_travis_build_edwardpercy_ModelLoader_Test_Programs_Individual_Class_Tests_Vector_Test_README...
Generating group documentation...
Generating class documentation...
Generating docs for compound cell...
Generating docs for compound Hexahedron...
Generating docs for compound MainWindow...
Generating docs for compound Material...
Generating docs for compound Matrix...
Generating docs for compound Model...
Generating docs for compound Pyramid...
Generating docs for compound Tetrahedron...
Generating docs for compound Vector...
Generating namespace index...
Generating docs for namespace Ui
Generating graph info page...
Generating directory documentation...
Generating index page...
Generating page index...
Generating module index...
Generating namespace index...
Generating namespace member index...
Generating annotated compound index...
Generating alphabetical compound index...
Generating hierarchical class index...
Generating member index...
Generating file index...
Generating file member index...
Generating example index...
finalizing index lists...
lookup cache used 972/65536 hits=4984 misses=985
finished...
